<?xml version="1.0" encoding="UTF-8"?>
<testng-results ignored="0" total="4" passed="3" failed="1" skipped="0">
  <reporter-output>
  </reporter-output>
  <suite started-at="2025-07-15T15:54:02 IST" name="Default suite" finished-at="2025-07-15T15:54:54 IST" duration-ms="52175">
    <groups>
    </groups>
    <test started-at="2025-07-15T15:54:02 IST" name="Default test" finished-at="2025-07-15T15:54:54 IST" duration-ms="52175">
      <class name="com.ka.practice.KA17DtataProvider">
        <test-method is-config="true" signature="setUp()[pri:0, instance:com.ka.practice.KA17DtataProvider@75d3a5e0]" started-at="2025-07-15T15:54:04 IST" name="setUp" finished-at="2025-07-15T15:54:15 IST" duration-ms="10511" status="PASS">
          <reporter-output>
          </reporter-output>
        </test-method> <!-- setUp -->
        <test-method signature="testValidInvalid(java.lang.String,java.lang.String)[pri:0, instance:com.ka.practice.KA17DtataProvider@75d3a5e0]" started-at="2025-07-15T15:54:15 IST" name="testValidInvalid" data-provider="td" finished-at="2025-07-15T15:54:17 IST" duration-ms="2479" status="PASS">
          <params>
            <param index="0">
              <value>
                <![CDATA[Admin]]>
              </value>
            </param>
            <param index="1">
              <value>
                <![CDATA[admin123]]>
              </value>
            </param>
          </params>
          <reporter-output>
          </reporter-output>
        </test-method> <!-- testValidInvalid -->
        <test-method is-config="true" signature="setUp()[pri:0, instance:com.ka.practice.KA17DtataProvider@75d3a5e0]" started-at="2025-07-15T15:54:17 IST" name="setUp" finished-at="2025-07-15T15:54:25 IST" duration-ms="7886" status="PASS">
          <reporter-output>
          </reporter-output>
        </test-method> <!-- setUp -->
        <test-method signature="testValidInvalid(java.lang.String,java.lang.String)[pri:0, instance:com.ka.practice.KA17DtataProvider@75d3a5e0]" started-at="2025-07-15T15:54:25 IST" name="testValidInvalid" data-provider="td" finished-at="2025-07-15T15:54:28 IST" duration-ms="3170" status="PASS">
          <params>
            <param index="0">
              <value>
                <![CDATA[Admin1]]>
              </value>
            </param>
            <param index="1">
              <value>
                <![CDATA[admin124]]>
              </value>
            </param>
          </params>
          <reporter-output>
          </reporter-output>
        </test-method> <!-- testValidInvalid -->
        <test-method is-config="true" signature="setUp()[pri:0, instance:com.ka.practice.KA17DtataProvider@75d3a5e0]" started-at="2025-07-15T15:54:28 IST" name="setUp" finished-at="2025-07-15T15:54:34 IST" duration-ms="5812" status="PASS">
          <reporter-output>
          </reporter-output>
        </test-method> <!-- setUp -->
        <test-method signature="testValidInvalid(java.lang.String,java.lang.String)[pri:0, instance:com.ka.practice.KA17DtataProvider@75d3a5e0]" started-at="2025-07-15T15:54:34 IST" name="testValidInvalid" data-provider="td" finished-at="2025-07-15T15:54:39 IST" duration-ms="5298" status="PASS">
          <params>
            <param index="0">
              <value>
                <![CDATA[Admin2]]>
              </value>
            </param>
            <param index="1">
              <value>
                <![CDATA[admin125]]>
              </value>
            </param>
          </params>
          <reporter-output>
          </reporter-output>
        </test-method> <!-- testValidInvalid -->
        <test-method is-config="true" signature="setUp()[pri:0, instance:com.ka.practice.KA17DtataProvider@75d3a5e0]" started-at="2025-07-15T15:54:39 IST" name="setUp" finished-at="2025-07-15T15:54:50 IST" duration-ms="11009" status="PASS">
          <reporter-output>
          </reporter-output>
        </test-method> <!-- setUp -->
        <test-method signature="testValidInvalid(java.lang.String,java.lang.String)[pri:0, instance:com.ka.practice.KA17DtataProvider@75d3a5e0]" started-at="2025-07-15T15:54:50 IST" name="testValidInvalid" data-provider="td" finished-at="2025-07-15T15:54:54 IST" duration-ms="3810" status="FAIL">
          <params>
            <param index="0">
              <value>
                <![CDATA[Admin3]]>
              </value>
            </param>
            <param index="1">
              <value>
                <![CDATA[admin126]]>
              </value>
            </param>
          </params>
          <exception class="java.lang.AssertionError">
            <message>
              <![CDATA[expected [OrangeHRM] but found []]]>
            </message>
            <full-stacktrace>
              <![CDATA[java.lang.AssertionError: expected [OrangeHRM] but found []
at org.testng.Assert.fail(Assert.java:111)
at org.testng.Assert.failNotEquals(Assert.java:1590)
at org.testng.Assert.assertEqualsImpl(Assert.java:150)
at org.testng.Assert.assertEquals(Assert.java:132)
at org.testng.Assert.assertEquals(Assert.java:656)
at org.testng.Assert.assertEquals(Assert.java:666)
at com.ka.practice.KA17DtataProvider.testValidInvalid(KA17DtataProvider.java:35)
at java.base/jdk.internal.reflect.NativeMethodAccessorImpl.invoke0(Native Method)
at java.base/jdk.internal.reflect.NativeMethodAccessorImpl.invoke(NativeMethodAccessorImpl.java:77)
at java.base/jdk.internal.reflect.DelegatingMethodAccessorImpl.invoke(DelegatingMethodAccessorImpl.java:43)
at java.base/java.lang.reflect.Method.invoke(Method.java:568)
at org.testng.internal.invokers.MethodInvocationHelper.invokeMethod(MethodInvocationHelper.java:141)
at org.testng.internal.invokers.TestInvoker.invokeMethod(TestInvoker.java:687)
at org.testng.internal.invokers.TestInvoker.invokeTestMethod(TestInvoker.java:230)
at org.testng.internal.invokers.MethodRunner.runInSequence(MethodRunner.java:63)
at org.testng.internal.invokers.TestInvoker$MethodInvocationAgent.invoke(TestInvoker.java:995)
at org.testng.internal.invokers.TestInvoker.invokeTestMethods(TestInvoker.java:203)
at org.testng.internal.invokers.TestMethodWorker.invokeTestMethods(TestMethodWorker.java:154)
at org.testng.internal.invokers.TestMethodWorker.run(TestMethodWorker.java:134)
at java.base/java.util.ArrayList.forEach(ArrayList.java:1511)
at org.testng.TestRunner.privateRun(TestRunner.java:741)
at org.testng.TestRunner.run(TestRunner.java:616)
at org.testng.SuiteRunner.runTest(SuiteRunner.java:421)
at org.testng.SuiteRunner.runSequentially(SuiteRunner.java:413)
at org.testng.SuiteRunner.privateRun(SuiteRunner.java:373)
at org.testng.SuiteRunner.run(SuiteRunner.java:312)
at org.testng.SuiteRunnerWorker.runSuite(SuiteRunnerWorker.java:52)
at org.testng.SuiteRunnerWorker.run(SuiteRunnerWorker.java:95)
at org.testng.TestNG.runSuitesSequentially(TestNG.java:1274)
at org.testng.TestNG.runSuitesLocally(TestNG.java:1208)
at org.testng.TestNG.runSuites(TestNG.java:1112)
at org.testng.TestNG.run(TestNG.java:1079)
at org.testng.remote.AbstractRemoteTestNG.run(AbstractRemoteTestNG.java:115)
at org.testng.remote.RemoteTestNG.initAndRun(RemoteTestNG.java:293)
at org.testng.remote.RemoteTestNG.main(RemoteTestNG.java:91)
]]>
            </full-stacktrace>
          </exception> <!-- java.lang.AssertionError -->
          <reporter-output>
          </reporter-output>
        </test-method> <!-- testValidInvalid -->
      </class> <!-- com.ka.practice.KA17DtataProvider -->
    </test> <!-- Default test -->
  </suite> <!-- Default suite -->
</testng-results>
